<?xml version="1.0" encoding="UTF-8"?>
<testsuite xmlns:xsi="http://www.w3.org/2001/XMLSchema-instance" xsi:noNamespaceSchemaLocation="https://maven.apache.org/surefire/maven-surefire-plugin/xsd/surefire-test-report-3.0.xsd" version="3.0" name="TestSuite" time="266.472" tests="10" errors="0" skipped="0" failures="0">
  <properties>
[...]
</properties>
  <testcase name="runScenario[&quot;Add Christmas Gift to Cart&quot;, &quot;Optional[Christmas Gifts Automate]&quot;](1)" classname="com.mindtree.runner.Runner" time="30.728">
    <system-out><![CDATA[11-24-2021 11:32:43 ExtentLogUtilities.java DEBUG [main] StepDefination.ChristmasGiftsSD 14 - URL Opened
11-24-2021 11:32:46 ExtentLogUtilities.java DEBUG [main] StepDefination.ChristmasGiftsSD 14 - christmas gifts button is clicked in page  Home page
11-24-2021 11:32:51 ExtentLogUtilities.java DEBUG [main] StepDefination.ChristmasGiftsSD 14 - socks button is clicked in page  christmas gifts
11-24-2021 11:32:54 ExtentLogUtilities.java DEBUG [main] StepDefination.ChristmasGiftsSD 14 - quantity button  is send in page socks page
11-24-2021 11:32:56 ExtentLogUtilities.java DEBUG [main] StepDefination.ChristmasGiftsSD 14 - cart button is clicked in page socks page
11-24-2021 11:32:59 ExtentLogUtilities.java DEBUG [main] StepDefination.ChristmasGiftsSD 14 - Close Button is clicked in page Cart Page
11-24-2021 11:33:02 ExtentLogUtilities.java DEBUG [main] StepDefination.ChristmasGiftsSD 14 - home button is clicked in page home page
11-24-2021 11:33:05 _Log4jLoggerFactory.java DEBUG [main] freemarker.cache 45 - Couldn't find template in cache for "Extent.ftl"("en_US", UTF-8, parsed); will try to load it.
11-24-2021 11:33:05 _Log4jLoggerFactory.java DEBUG [main] freemarker.cache 45 - TemplateLoader.findTemplateSource("Extent_en_US.ftl"): Not found
11-24-2021 11:33:05 _Log4jLoggerFactory.java DEBUG [main] freemarker.cache 45 - TemplateLoader.findTemplateSource("Extent_en.ftl"): Not found
11-24-2021 11:33:05 _Log4jLoggerFactory.java DEBUG [main] freemarker.cache 45 - TemplateLoader.findTemplateSource("Extent.ftl"): Found
11-24-2021 11:33:05 _Log4jLoggerFactory.java DEBUG [main] freemarker.cache 45 - Loading template for "Extent.ftl"("en_US", UTF-8, parsed) from "jar:file:/C:/Users/Misbah/.m2/repository/com/relevantcodes/extentreports/2.41.2/extentreports-2.41.2.jar!/com/relevantcodes/extentreports/view/Extent.ftl"
]]></system-out>
    <system-err><![CDATA[log4j:WARN No such property [maxBackupIndex] in com.mindtree.utilities.Log.
log4j:WARN No such property [maxFileSize] in com.mindtree.utilities.Log.
Starting ChromeDriver 96.0.4664.45 (76e4c1bb2ab4671b8beba3444e61c0f17584b2fc-refs/branch-heads/4664@{#947}) on port 27640
Only local connections are allowed.
Please see https://chromedriver.chromium.org/security-considerations for suggestions on keeping ChromeDriver safe.
ChromeDriver was started successfully.
Nov 24, 2021 11:32:39 AM org.openqa.selenium.remote.ProtocolHandshake createSession
INFO: Detected dialect: W3C
]]></system-err>
  </testcase>
  <testcase name="runScenario[&quot;Add Corporate Gift to Cart&quot;, &quot;Optional[Corporate Gift Automate]&quot;](2)" classname="com.mindtree.runner.Runner" time="16.801">
    <system-out><![CDATA[11-24-2021 11:33:11 ExtentLogUtilities.java DEBUG [main] StepDefination.CorporateGiftsSD 14 - URL Opened
11-24-2021 11:33:14 ExtentLogUtilities.java DEBUG [main] StepDefination.CorporateGiftsSD 14 - Corporate Button is clicked in page Home Page
11-24-2021 11:33:16 ExtentLogUtilities.java DEBUG [main] StepDefination.CorporateGiftsSD 14 - name field is send in page corporate page
11-24-2021 11:33:17 ExtentLogUtilities.java DEBUG [main] StepDefination.CorporateGiftsSD 14 - email field is send in page corporate page
11-24-2021 11:33:17 ExtentLogUtilities.java DEBUG [main] StepDefination.CorporateGiftsSD 14 - phone field is send in page corporate page
11-24-2021 11:33:20 ExtentLogUtilities.java DEBUG [main] StepDefination.CorporateGiftsSD 14 - Submit Button is clicked in page Corporate Page
11-24-2021 11:33:22 _Log4jLoggerFactory.java DEBUG [main] freemarker.cache 45 - Couldn't find template in cache for "Extent.ftl"("en_US", UTF-8, parsed); will try to load it.
11-24-2021 11:33:22 _Log4jLoggerFactory.java DEBUG [main] freemarker.cache 45 - TemplateLoader.findTemplateSource("Extent_en_US.ftl"): Not found
11-24-2021 11:33:22 _Log4jLoggerFactory.java DEBUG [main] freemarker.cache 45 - TemplateLoader.findTemplateSource("Extent_en.ftl"): Not found
11-24-2021 11:33:22 _Log4jLoggerFactory.java DEBUG [main] freemarker.cache 45 - TemplateLoader.findTemplateSource("Extent.ftl"): Found
11-24-2021 11:33:22 _Log4jLoggerFactory.java DEBUG [main] freemarker.cache 45 - Loading template for "Extent.ftl"("en_US", UTF-8, parsed) from "jar:file:/C:/Users/Misbah/.m2/repository/com/relevantcodes/extentreports/2.41.2/extentreports-2.41.2.jar!/com/relevantcodes/extentreports/view/Extent.ftl"
]]></system-out>
    <system-err><![CDATA[Starting ChromeDriver 96.0.4664.45 (76e4c1bb2ab4671b8beba3444e61c0f17584b2fc-refs/branch-heads/4664@{#947}) on port 6161
Only local connections are allowed.
Please see https://chromedriver.chromium.org/security-considerations for suggestions on keeping ChromeDriver safe.
ChromeDriver was started successfully.
Nov 24, 2021 11:33:08 AM org.openqa.selenium.remote.ProtocolHandshake createSession
INFO: Detected dialect: W3C
]]></system-err>
  </testcase>
  <testcase name="runScenario[&quot;Add Diwali Gift to Cart&quot;, &quot;Optional[Diwali Gift Automate]&quot;](3)" classname="com.mindtree.runner.Runner" time="26.496">
    <system-out><![CDATA[11-24-2021 11:33:28 ExtentLogUtilities.java DEBUG [main] StepDefination.DiwaliSD 14 - URL Opened
11-24-2021 11:33:32 ExtentLogUtilities.java DEBUG [main] StepDefination.DiwaliSD 14 - diwali Gift button is clicked in page Home page
11-24-2021 11:33:37 ExtentLogUtilities.java DEBUG [main] StepDefination.DiwaliSD 14 - Diya Curtain LED Lights is clicked in page result page
11-24-2021 11:33:40 ExtentLogUtilities.java DEBUG [main] StepDefination.DiwaliSD 14 - Quantity Field is send in page Cart Page
11-24-2021 11:33:41 ExtentLogUtilities.java DEBUG [main] StepDefination.DiwaliSD 14 - Add to cart is clicked in page Cart page
11-24-2021 11:33:43 ExtentLogUtilities.java DEBUG [main] StepDefination.DiwaliSD 14 - Close Button is clicked in page Cart Page
11-24-2021 11:33:46 ExtentLogUtilities.java DEBUG [main] StepDefination.DiwaliSD 14 - Bigsmall pic is clicked in page cart
11-24-2021 11:33:49 _Log4jLoggerFactory.java DEBUG [main] freemarker.cache 45 - Couldn't find template in cache for "Extent.ftl"("en_US", UTF-8, parsed); will try to load it.
11-24-2021 11:33:49 _Log4jLoggerFactory.java DEBUG [main] freemarker.cache 45 - TemplateLoader.findTemplateSource("Extent_en_US.ftl"): Not found
11-24-2021 11:33:49 _Log4jLoggerFactory.java DEBUG [main] freemarker.cache 45 - TemplateLoader.findTemplateSource("Extent_en.ftl"): Not found
11-24-2021 11:33:49 _Log4jLoggerFactory.java DEBUG [main] freemarker.cache 45 - TemplateLoader.findTemplateSource("Extent.ftl"): Found
11-24-2021 11:33:49 _Log4jLoggerFactory.java DEBUG [main] freemarker.cache 45 - Loading template for "Extent.ftl"("en_US", UTF-8, parsed) from "jar:file:/C:/Users/Misbah/.m2/repository/com/relevantcodes/extentreports/2.41.2/extentreports-2.41.2.jar!/com/relevantcodes/extentreports/view/Extent.ftl"
]]></system-out>
    <system-err><![CDATA[Starting ChromeDriver 96.0.4664.45 (76e4c1bb2ab4671b8beba3444e61c0f17584b2fc-refs/branch-heads/4664@{#947}) on port 31906
Only local connections are allowed.
Please see https://chromedriver.chromium.org/security-considerations for suggestions on keeping ChromeDriver safe.
ChromeDriver was started successfully.
Nov 24, 2021 11:33:24 AM org.openqa.selenium.remote.ProtocolHandshake createSession
INFO: Detected dialect: W3C
]]></system-err>
  </testcase>
  <testcase name="runScenario[&quot;Add Gift to Cart&quot;, &quot;Optional[Gift DropDown Automate]&quot;](4)" classname="com.mindtree.runner.Runner" time="26.834">
    <system-out><![CDATA[11-24-2021 11:33:55 ExtentLogUtilities.java DEBUG [main] StepDefination.GiftsSD 14 - URL Opened
Gifts for Guys
Gifts For Girls
11-24-2021 11:33:58 ExtentLogUtilities.java DEBUG [main] StepDefination.GiftsSD 14 - Gifts For Girls is clicked in page Home Page
11-24-2021 11:34:04 ExtentLogUtilities.java DEBUG [main] StepDefination.GiftsSD 14 - Scratch World Map is clicked in page result page
11-24-2021 11:34:07 ExtentLogUtilities.java DEBUG [main] StepDefination.GiftsSD 14 - quantity button  is send in page socks page
11-24-2021 11:34:08 ExtentLogUtilities.java DEBUG [main] StepDefination.GiftsSD 14 - cart button is clicked in page socks page
11-24-2021 11:34:10 ExtentLogUtilities.java DEBUG [main] StepDefination.GiftsSD 14 - Close Button is clicked in page Cart Page
11-24-2021 11:34:13 ExtentLogUtilities.java DEBUG [main] StepDefination.GiftsSD 14 - Bigsmall pic is clicked in page cart page
11-24-2021 11:34:15 _Log4jLoggerFactory.java DEBUG [main] freemarker.cache 45 - Couldn't find template in cache for "Extent.ftl"("en_US", UTF-8, parsed); will try to load it.
11-24-2021 11:34:15 _Log4jLoggerFactory.java DEBUG [main] freemarker.cache 45 - TemplateLoader.findTemplateSource("Extent_en_US.ftl"): Not found
11-24-2021 11:34:15 _Log4jLoggerFactory.java DEBUG [main] freemarker.cache 45 - TemplateLoader.findTemplateSource("Extent_en.ftl"): Not found
11-24-2021 11:34:15 _Log4jLoggerFactory.java DEBUG [main] freemarker.cache 45 - TemplateLoader.findTemplateSource("Extent.ftl"): Found
11-24-2021 11:34:15 _Log4jLoggerFactory.java DEBUG [main] freemarker.cache 45 - Loading template for "Extent.ftl"("en_US", UTF-8, parsed) from "jar:file:/C:/Users/Misbah/.m2/repository/com/relevantcodes/extentreports/2.41.2/extentreports-2.41.2.jar!/com/relevantcodes/extentreports/view/Extent.ftl"
]]></system-out>
    <system-err><![CDATA[Starting ChromeDriver 96.0.4664.45 (76e4c1bb2ab4671b8beba3444e61c0f17584b2fc-refs/branch-heads/4664@{#947}) on port 41006
Only local connections are allowed.
Please see https://chromedriver.chromium.org/security-considerations for suggestions on keeping ChromeDriver safe.
ChromeDriver was started successfully.
Nov 24, 2021 11:33:51 AM org.openqa.selenium.remote.ProtocolHandshake createSession
INFO: Detected dialect: W3C
]]></system-err>
  </testcase>
  <testcase name="runScenario[&quot;Add HomeDecor Gift to Cart&quot;, &quot;Optional[HomeDecor Gift Automate]&quot;](5)" classname="com.mindtree.runner.Runner" time="26.679">
    <system-out><![CDATA[11-24-2021 11:34:21 ExtentLogUtilities.java DEBUG [main] StepDefination.HomeDecorSD 14 - URL Opened
11-24-2021 11:34:24 ExtentLogUtilities.java DEBUG [main] StepDefination.HomeDecorSD 14 - Home decor button is clicked in page  Home page
11-24-2021 11:34:29 ExtentLogUtilities.java DEBUG [main] StepDefination.HomeDecorSD 14 -  lamp button is clicked in page home decor page
11-24-2021 11:34:32 ExtentLogUtilities.java DEBUG [main] StepDefination.HomeDecorSD 14 - quantity button is send in page lamp page
11-24-2021 11:34:34 ExtentLogUtilities.java DEBUG [main] StepDefination.HomeDecorSD 14 - cart button is clicked in page lamp page
11-24-2021 11:34:37 ExtentLogUtilities.java DEBUG [main] StepDefination.HomeDecorSD 14 - Close Button is clicked in page Cart Page
11-24-2021 11:34:40 ExtentLogUtilities.java DEBUG [main] StepDefination.HomeDecorSD 14 - home button is clicked in page home page
11-24-2021 11:34:42 _Log4jLoggerFactory.java DEBUG [main] freemarker.cache 45 - Couldn't find template in cache for "Extent.ftl"("en_US", UTF-8, parsed); will try to load it.
11-24-2021 11:34:42 _Log4jLoggerFactory.java DEBUG [main] freemarker.cache 45 - TemplateLoader.findTemplateSource("Extent_en_US.ftl"): Not found
11-24-2021 11:34:42 _Log4jLoggerFactory.java DEBUG [main] freemarker.cache 45 - TemplateLoader.findTemplateSource("Extent_en.ftl"): Not found
11-24-2021 11:34:42 _Log4jLoggerFactory.java DEBUG [main] freemarker.cache 45 - TemplateLoader.findTemplateSource("Extent.ftl"): Found
11-24-2021 11:34:42 _Log4jLoggerFactory.java DEBUG [main] freemarker.cache 45 - Loading template for "Extent.ftl"("en_US", UTF-8, parsed) from "jar:file:/C:/Users/Misbah/.m2/repository/com/relevantcodes/extentreports/2.41.2/extentreports-2.41.2.jar!/com/relevantcodes/extentreports/view/Extent.ftl"
]]></system-out>
    <system-err><![CDATA[Starting ChromeDriver 96.0.4664.45 (76e4c1bb2ab4671b8beba3444e61c0f17584b2fc-refs/branch-heads/4664@{#947}) on port 27568
Only local connections are allowed.
Please see https://chromedriver.chromium.org/security-considerations for suggestions on keeping ChromeDriver safe.
ChromeDriver was started successfully.
Nov 24, 2021 11:34:17 AM org.openqa.selenium.remote.ProtocolHandshake createSession
INFO: Detected dialect: W3C
]]></system-err>
  </testcase>
  <testcase name="runScenario[&quot;Add newyear Gift to Cart&quot;, &quot;Optional[Newyear Gift Automate]&quot;](6)" classname="com.mindtree.runner.Runner" time="26.383">
    <system-out><![CDATA[11-24-2021 11:34:47 ExtentLogUtilities.java DEBUG [main] StepDefination.NewyearSD 14 - URL Opened
11-24-2021 11:34:50 ExtentLogUtilities.java DEBUG [main] StepDefination.NewyearSD 14 - newyear Gift button is clicked in page Home page
11-24-2021 11:34:56 ExtentLogUtilities.java DEBUG [main] StepDefination.NewyearSD 14 - Golf Coffee Mug is clicked in page result page
11-24-2021 11:34:58 ExtentLogUtilities.java DEBUG [main] StepDefination.NewyearSD 14 - Quantity Field is send in page Cart Page
11-24-2021 11:35:01 ExtentLogUtilities.java DEBUG [main] StepDefination.NewyearSD 14 - Add to cart is clicked in page Cart page
11-24-2021 11:35:04 ExtentLogUtilities.java DEBUG [main] StepDefination.NewyearSD 14 - Close Button is clicked in page Cart Page
11-24-2021 11:35:06 ExtentLogUtilities.java DEBUG [main] StepDefination.NewyearSD 14 - Bigsmall pic is clicked in page cart
11-24-2021 11:35:09 _Log4jLoggerFactory.java DEBUG [main] freemarker.cache 45 - Couldn't find template in cache for "Extent.ftl"("en_US", UTF-8, parsed); will try to load it.
11-24-2021 11:35:09 _Log4jLoggerFactory.java DEBUG [main] freemarker.cache 45 - TemplateLoader.findTemplateSource("Extent_en_US.ftl"): Not found
11-24-2021 11:35:09 _Log4jLoggerFactory.java DEBUG [main] freemarker.cache 45 - TemplateLoader.findTemplateSource("Extent_en.ftl"): Not found
11-24-2021 11:35:09 _Log4jLoggerFactory.java DEBUG [main] freemarker.cache 45 - TemplateLoader.findTemplateSource("Extent.ftl"): Found
11-24-2021 11:35:09 _Log4jLoggerFactory.java DEBUG [main] freemarker.cache 45 - Loading template for "Extent.ftl"("en_US", UTF-8, parsed) from "jar:file:/C:/Users/Misbah/.m2/repository/com/relevantcodes/extentreports/2.41.2/extentreports-2.41.2.jar!/com/relevantcodes/extentreports/view/Extent.ftl"
]]></system-out>
    <system-err><![CDATA[Starting ChromeDriver 96.0.4664.45 (76e4c1bb2ab4671b8beba3444e61c0f17584b2fc-refs/branch-heads/4664@{#947}) on port 9393
Only local connections are allowed.
Please see https://chromedriver.chromium.org/security-considerations for suggestions on keeping ChromeDriver safe.
ChromeDriver was started successfully.
Nov 24, 2021 11:34:44 AM org.openqa.selenium.remote.ProtocolHandshake createSession
INFO: Detected dialect: W3C
]]></system-err>
  </testcase>
  <testcase name="runScenario[&quot;Add Personalized Gift to Cart&quot;, &quot;Optional[Personalized Gift Automate]&quot;](7)" classname="com.mindtree.runner.Runner" time="29.925">
    <system-out><![CDATA[11-24-2021 11:35:14 ExtentLogUtilities.java DEBUG [main] StepDefination.PersonalizedSD 14 - URL Opened
11-24-2021 11:35:18 ExtentLogUtilities.java DEBUG [main] StepDefination.PersonalizedSD 14 - Personalize Gift button is clicked in page Home page
11-24-2021 11:35:26 ExtentLogUtilities.java DEBUG [main] StepDefination.PersonalizedSD 14 - result is clicked in page Personalize Gift page
11-24-2021 11:35:28 ExtentLogUtilities.java DEBUG [main] StepDefination.PersonalizedSD 14 - Quantity Field is send in page Cart Page
11-24-2021 11:35:28 ExtentLogUtilities.java DEBUG [main] StepDefination.PersonalizedSD 14 - name Field is send in page Cart Page
11-24-2021 11:35:31 ExtentLogUtilities.java DEBUG [main] StepDefination.PersonalizedSD 14 - Add to cart is clicked in page Cart page
11-24-2021 11:35:36 ExtentLogUtilities.java DEBUG [main] StepDefination.PersonalizedSD 14 - home button is clicked in page home page
11-24-2021 11:35:39 _Log4jLoggerFactory.java DEBUG [main] freemarker.cache 45 - Couldn't find template in cache for "Extent.ftl"("en_US", UTF-8, parsed); will try to load it.
11-24-2021 11:35:39 _Log4jLoggerFactory.java DEBUG [main] freemarker.cache 45 - TemplateLoader.findTemplateSource("Extent_en_US.ftl"): Not found
11-24-2021 11:35:39 _Log4jLoggerFactory.java DEBUG [main] freemarker.cache 45 - TemplateLoader.findTemplateSource("Extent_en.ftl"): Not found
11-24-2021 11:35:39 _Log4jLoggerFactory.java DEBUG [main] freemarker.cache 45 - TemplateLoader.findTemplateSource("Extent.ftl"): Found
11-24-2021 11:35:39 _Log4jLoggerFactory.java DEBUG [main] freemarker.cache 45 - Loading template for "Extent.ftl"("en_US", UTF-8, parsed) from "jar:file:/C:/Users/Misbah/.m2/repository/com/relevantcodes/extentreports/2.41.2/extentreports-2.41.2.jar!/com/relevantcodes/extentreports/view/Extent.ftl"
]]></system-out>
    <system-err><![CDATA[Starting ChromeDriver 96.0.4664.45 (76e4c1bb2ab4671b8beba3444e61c0f17584b2fc-refs/branch-heads/4664@{#947}) on port 4003
Only local connections are allowed.
Please see https://chromedriver.chromium.org/security-considerations for suggestions on keeping ChromeDriver safe.
ChromeDriver was started successfully.
Nov 24, 2021 11:35:10 AM org.openqa.selenium.remote.ProtocolHandshake createSession
INFO: Detected dialect: W3C
]]></system-err>
  </testcase>
  <testcase name="runScenario[&quot;Add rakhi Gift to Cart&quot;, &quot;Optional[Rakhi Gift Automate]&quot;](8)" classname="com.mindtree.runner.Runner" time="27.276">
    <system-out><![CDATA[11-24-2021 11:35:44 ExtentLogUtilities.java DEBUG [main] StepDefination.RakhiSD 14 - URL Opened
11-24-2021 11:35:48 ExtentLogUtilities.java DEBUG [main] StepDefination.RakhiSD 14 - rakhi button is clicked in page Home page
11-24-2021 11:35:53 ExtentLogUtilities.java DEBUG [main] StepDefination.RakhiSD 14 - Bhaiya Ciao Rakhi is clicked in page result page
11-24-2021 11:35:56 ExtentLogUtilities.java DEBUG [main] StepDefination.RakhiSD 14 - Quantity Field is send in page Cart Page
11-24-2021 11:35:58 ExtentLogUtilities.java DEBUG [main] StepDefination.RakhiSD 14 - Add to cart is clicked in page Cart page
11-24-2021 11:36:01 ExtentLogUtilities.java DEBUG [main] StepDefination.RakhiSD 14 - Close Button is clicked in page Cart Page
11-24-2021 11:36:03 ExtentLogUtilities.java DEBUG [main] StepDefination.RakhiSD 14 - Bigsmall pic is clicked in page cart
11-24-2021 11:36:06 _Log4jLoggerFactory.java DEBUG [main] freemarker.cache 45 - Couldn't find template in cache for "Extent.ftl"("en_US", UTF-8, parsed); will try to load it.
11-24-2021 11:36:06 _Log4jLoggerFactory.java DEBUG [main] freemarker.cache 45 - TemplateLoader.findTemplateSource("Extent_en_US.ftl"): Not found
11-24-2021 11:36:06 _Log4jLoggerFactory.java DEBUG [main] freemarker.cache 45 - TemplateLoader.findTemplateSource("Extent_en.ftl"): Not found
11-24-2021 11:36:06 _Log4jLoggerFactory.java DEBUG [main] freemarker.cache 45 - TemplateLoader.findTemplateSource("Extent.ftl"): Found
11-24-2021 11:36:06 _Log4jLoggerFactory.java DEBUG [main] freemarker.cache 45 - Loading template for "Extent.ftl"("en_US", UTF-8, parsed) from "jar:file:/C:/Users/Misbah/.m2/repository/com/relevantcodes/extentreports/2.41.2/extentreports-2.41.2.jar!/com/relevantcodes/extentreports/view/Extent.ftl"
]]></system-out>
    <system-err><![CDATA[Starting ChromeDriver 96.0.4664.45 (76e4c1bb2ab4671b8beba3444e61c0f17584b2fc-refs/branch-heads/4664@{#947}) on port 7413
Only local connections are allowed.
Please see https://chromedriver.chromium.org/security-considerations for suggestions on keeping ChromeDriver safe.
ChromeDriver was started successfully.
Nov 24, 2021 11:35:40 AM org.openqa.selenium.remote.ProtocolHandshake createSession
INFO: Detected dialect: W3C
]]></system-err>
  </testcase>
  <testcase name="runScenario[&quot;Add Secret Santa Gift to Cart&quot;, &quot;Optional[Secret Santa Gift Automate]&quot;](9)" classname="com.mindtree.runner.Runner" time="27.621">
    <system-out><![CDATA[11-24-2021 11:36:12 ExtentLogUtilities.java DEBUG [main] StepDefination.SecretSantaSD 14 - URL Opened
11-24-2021 11:36:16 ExtentLogUtilities.java DEBUG [main] StepDefination.SecretSantaSD 14 - secretsanta button is clicked in page  Home page
11-24-2021 11:36:21 ExtentLogUtilities.java DEBUG [main] StepDefination.SecretSantaSD 14 - tissue box  is clicked in page  secretsanta page
11-24-2021 11:36:23 ExtentLogUtilities.java DEBUG [main] StepDefination.SecretSantaSD 14 -  cart button is send in page tissue page
11-24-2021 11:36:26 ExtentLogUtilities.java DEBUG [main] StepDefination.SecretSantaSD 14 - cart button is clicked in page socks page
11-24-2021 11:36:28 ExtentLogUtilities.java DEBUG [main] StepDefination.SecretSantaSD 14 - Close Button is clicked in page Cart Page
11-24-2021 11:36:31 ExtentLogUtilities.java DEBUG [main] StepDefination.SecretSantaSD 14 - home button is clicked in page home page
11-24-2021 11:36:33 _Log4jLoggerFactory.java DEBUG [main] freemarker.cache 45 - Couldn't find template in cache for "Extent.ftl"("en_US", UTF-8, parsed); will try to load it.
11-24-2021 11:36:33 _Log4jLoggerFactory.java DEBUG [main] freemarker.cache 45 - TemplateLoader.findTemplateSource("Extent_en_US.ftl"): Not found
11-24-2021 11:36:33 _Log4jLoggerFactory.java DEBUG [main] freemarker.cache 45 - TemplateLoader.findTemplateSource("Extent_en.ftl"): Not found
11-24-2021 11:36:33 _Log4jLoggerFactory.java DEBUG [main] freemarker.cache 45 - TemplateLoader.findTemplateSource("Extent.ftl"): Found
11-24-2021 11:36:33 _Log4jLoggerFactory.java DEBUG [main] freemarker.cache 45 - Loading template for "Extent.ftl"("en_US", UTF-8, parsed) from "jar:file:/C:/Users/Misbah/.m2/repository/com/relevantcodes/extentreports/2.41.2/extentreports-2.41.2.jar!/com/relevantcodes/extentreports/view/Extent.ftl"
]]></system-out>
    <system-err><![CDATA[Starting ChromeDriver 96.0.4664.45 (76e4c1bb2ab4671b8beba3444e61c0f17584b2fc-refs/branch-heads/4664@{#947}) on port 13108
Only local connections are allowed.
Please see https://chromedriver.chromium.org/security-considerations for suggestions on keeping ChromeDriver safe.
ChromeDriver was started successfully.
Nov 24, 2021 11:36:07 AM org.openqa.selenium.remote.ProtocolHandshake createSession
INFO: Detected dialect: W3C
]]></system-err>
  </testcase>
  <testcase name="runScenario[&quot;Add What&apos;sNew Gift to Cart&quot;, &quot;Optional[What&apos;sNew Gift Automate]&quot;](10)" classname="com.mindtree.runner.Runner" time="26.428">
    <system-out><![CDATA[11-24-2021 11:36:39 ExtentLogUtilities.java DEBUG [main] StepDefination.WhatsNewSD 14 - URL Opened
11-24-2021 11:36:42 ExtentLogUtilities.java DEBUG [main] StepDefination.WhatsNewSD 14 - Personalize Gift button is clicked in page Home page
11-24-2021 11:36:47 ExtentLogUtilities.java DEBUG [main] StepDefination.WhatsNewSD 14 - Travel Pocket Diary is clicked in page result page
11-24-2021 11:36:50 ExtentLogUtilities.java DEBUG [main] StepDefination.WhatsNewSD 14 - Quantity Field is send in page Cart Page
11-24-2021 11:36:52 ExtentLogUtilities.java DEBUG [main] StepDefination.WhatsNewSD 14 - Add to cart is clicked in page Cart page
11-24-2021 11:36:55 ExtentLogUtilities.java DEBUG [main] StepDefination.WhatsNewSD 14 - Close Button is clicked in page Cart Page
11-24-2021 11:36:58 ExtentLogUtilities.java DEBUG [main] StepDefination.WhatsNewSD 14 - Bigsmall pic is clicked in page cart
]]></system-out>
    <system-err><![CDATA[Starting ChromeDriver 96.0.4664.45 (76e4c1bb2ab4671b8beba3444e61c0f17584b2fc-refs/branch-heads/4664@{#947}) on port 18808
Only local connections are allowed.
Please see https://chromedriver.chromium.org/security-considerations for suggestions on keeping ChromeDriver safe.
ChromeDriver was started successfully.
Nov 24, 2021 11:36:35 AM org.openqa.selenium.remote.ProtocolHandshake createSession
INFO: Detected dialect: W3C
]]></system-err>
  </testcase>
</testsuite>