<?xml version="1.0" encoding="UTF-8"?>
<testng-results ignored="0" total="10" passed="10" failed="0" skipped="0">
  <reporter-output>
  </reporter-output>
  <suite started-at="2021-11-24T11:32:34 IST" name="Suite" finished-at="2021-11-24T11:37:00 IST" duration-ms="265929">
    <groups>
      <group name="cucumber">
        <method signature="AbstractTestNGCucumberTests.runScenario(io.cucumber.testng.PickleWrapper, io.cucumber.testng.FeatureWrapper)[pri:0, instance:com.mindtree.runner.Runner@157853da]" name="runScenario" class="io.cucumber.testng.AbstractTestNGCucumberTests"/>
      </group> <!-- cucumber -->
    </groups>
    <test started-at="2021-11-24T11:32:34 IST" name="Test" finished-at="2021-11-24T11:37:00 IST" duration-ms="265929">
      <class name="com.mindtree.runner.Runner">
        <test-method is-config="true" signature="setUpClass(org.testng.ITestContext)[pri:0, instance:com.mindtree.runner.Runner@157853da]" started-at="2021-11-24T11:32:34 IST" name="setUpClass" finished-at="2021-11-24T11:32:35 IST" duration-ms="697" status="PASS">
          <params>
            <param index="0">
              <value>
                <![CDATA[org.testng.TestRunner@4966bab1]]>
              </value>
            </param>
          </params>
          <reporter-output>
          </reporter-output>
        </test-method> <!-- setUpClass -->
        <test-method signature="runScenario(io.cucumber.testng.PickleWrapper, io.cucumber.testng.FeatureWrapper)[pri:0, instance:com.mindtree.runner.Runner@157853da]" started-at="2021-11-24T11:32:35 IST" name="runScenario" description="Runs Cucumber Scenarios" data-provider="scenarios" finished-at="2021-11-24T11:33:06 IST" duration-ms="30716" status="PASS">
          <params>
            <param index="0">
              <value>
                <![CDATA["Add Christmas Gift to Cart"]]>
              </value>
            </param>
            <param index="1">
              <value>
                <![CDATA["Optional[Christmas Gifts Automate]"]]>
              </value>
            </param>
          </params>
          <reporter-output>
          </reporter-output>
        </test-method> <!-- runScenario -->
        <test-method signature="runScenario(io.cucumber.testng.PickleWrapper, io.cucumber.testng.FeatureWrapper)[pri:0, instance:com.mindtree.runner.Runner@157853da]" started-at="2021-11-24T11:33:06 IST" name="runScenario" description="Runs Cucumber Scenarios" data-provider="scenarios" finished-at="2021-11-24T11:33:23 IST" duration-ms="16805" status="PASS">
          <params>
            <param index="0">
              <value>
                <![CDATA["Add Corporate Gift to Cart"]]>
              </value>
            </param>
            <param index="1">
              <value>
                <![CDATA["Optional[Corporate Gift Automate]"]]>
              </value>
            </param>
          </params>
          <reporter-output>
          </reporter-output>
        </test-method> <!-- runScenario -->
        <test-method signature="runScenario(io.cucumber.testng.PickleWrapper, io.cucumber.testng.FeatureWrapper)[pri:0, instance:com.mindtree.runner.Runner@157853da]" started-at="2021-11-24T11:33:23 IST" name="runScenario" description="Runs Cucumber Scenarios" data-provider="scenarios" finished-at="2021-11-24T11:33:49 IST" duration-ms="26497" status="PASS">
          <params>
            <param index="0">
              <value>
                <![CDATA["Add Diwali Gift to Cart"]]>
              </value>
            </param>
            <param index="1">
              <value>
                <![CDATA["Optional[Diwali Gift Automate]"]]>
              </value>
            </param>
          </params>
          <reporter-output>
          </reporter-output>
        </test-method> <!-- runScenario -->
        <test-method signature="runScenario(io.cucumber.testng.PickleWrapper, io.cucumber.testng.FeatureWrapper)[pri:0, instance:com.mindtree.runner.Runner@157853da]" started-at="2021-11-24T11:33:49 IST" name="runScenario" description="Runs Cucumber Scenarios" data-provider="scenarios" finished-at="2021-11-24T11:34:16 IST" duration-ms="26836" status="PASS">
          <params>
            <param index="0">
              <value>
                <![CDATA["Add Gift to Cart"]]>
              </value>
            </param>
            <param index="1">
              <value>
                <![CDATA["Optional[Gift DropDown Automate]"]]>
              </value>
            </param>
          </params>
          <reporter-output>
          </reporter-output>
        </test-method> <!-- runScenario -->
        <test-method signature="runScenario(io.cucumber.testng.PickleWrapper, io.cucumber.testng.FeatureWrapper)[pri:0, instance:com.mindtree.runner.Runner@157853da]" started-at="2021-11-24T11:34:16 IST" name="runScenario" description="Runs Cucumber Scenarios" data-provider="scenarios" finished-at="2021-11-24T11:34:43 IST" duration-ms="26671" status="PASS">
          <params>
            <param index="0">
              <value>
                <![CDATA["Add HomeDecor Gift to Cart"]]>
              </value>
            </param>
            <param index="1">
              <value>
                <![CDATA["Optional[HomeDecor Gift Automate]"]]>
              </value>
            </param>
          </params>
          <reporter-output>
          </reporter-output>
        </test-method> <!-- runScenario -->
        <test-method signature="runScenario(io.cucumber.testng.PickleWrapper, io.cucumber.testng.FeatureWrapper)[pri:0, instance:com.mindtree.runner.Runner@157853da]" started-at="2021-11-24T11:34:43 IST" name="runScenario" description="Runs Cucumber Scenarios" data-provider="scenarios" finished-at="2021-11-24T11:35:09 IST" duration-ms="26383" status="PASS">
          <params>
            <param index="0">
              <value>
                <![CDATA["Add newyear Gift to Cart"]]>
              </value>
            </param>
            <param index="1">
              <value>
                <![CDATA["Optional[Newyear Gift Automate]"]]>
              </value>
            </param>
          </params>
          <reporter-output>
          </reporter-output>
        </test-method> <!-- runScenario -->
        <test-method signature="runScenario(io.cucumber.testng.PickleWrapper, io.cucumber.testng.FeatureWrapper)[pri:0, instance:com.mindtree.runner.Runner@157853da]" started-at="2021-11-24T11:35:09 IST" name="runScenario" description="Runs Cucumber Scenarios" data-provider="scenarios" finished-at="2021-11-24T11:35:39 IST" duration-ms="29926" status="PASS">
          <params>
            <param index="0">
              <value>
                <![CDATA["Add Personalized Gift to Cart"]]>
              </value>
            </param>
            <param index="1">
              <value>
                <![CDATA["Optional[Personalized Gift Automate]"]]>
              </value>
            </param>
          </params>
          <reporter-output>
          </reporter-output>
        </test-method> <!-- runScenario -->
        <test-method signature="runScenario(io.cucumber.testng.PickleWrapper, io.cucumber.testng.FeatureWrapper)[pri:0, instance:com.mindtree.runner.Runner@157853da]" started-at="2021-11-24T11:35:39 IST" name="runScenario" description="Runs Cucumber Scenarios" data-provider="scenarios" finished-at="2021-11-24T11:36:06 IST" duration-ms="27272" status="PASS">
          <params>
            <param index="0">
              <value>
                <![CDATA["Add rakhi Gift to Cart"]]>
              </value>
            </param>
            <param index="1">
              <value>
                <![CDATA["Optional[Rakhi Gift Automate]"]]>
              </value>
            </param>
          </params>
          <reporter-output>
          </reporter-output>
        </test-method> <!-- runScenario -->
        <test-method signature="runScenario(io.cucumber.testng.PickleWrapper, io.cucumber.testng.FeatureWrapper)[pri:0, instance:com.mindtree.runner.Runner@157853da]" started-at="2021-11-24T11:36:06 IST" name="runScenario" description="Runs Cucumber Scenarios" data-provider="scenarios" finished-at="2021-11-24T11:36:34 IST" duration-ms="27621" status="PASS">
          <params>
            <param index="0">
              <value>
                <![CDATA["Add Secret Santa Gift to Cart"]]>
              </value>
            </param>
            <param index="1">
              <value>
                <![CDATA["Optional[Secret Santa Gift Automate]"]]>
              </value>
            </param>
          </params>
          <reporter-output>
          </reporter-output>
        </test-method> <!-- runScenario -->
        <test-method signature="runScenario(io.cucumber.testng.PickleWrapper, io.cucumber.testng.FeatureWrapper)[pri:0, instance:com.mindtree.runner.Runner@157853da]" started-at="2021-11-24T11:36:34 IST" name="runScenario" description="Runs Cucumber Scenarios" data-provider="scenarios" finished-at="2021-11-24T11:37:00 IST" duration-ms="26429" status="PASS">
          <params>
            <param index="0">
              <value>
                <![CDATA["Add What'sNew Gift to Cart"]]>
              </value>
            </param>
            <param index="1">
              <value>
                <![CDATA["Optional[What'sNew Gift Automate]"]]>
              </value>
            </param>
          </params>
          <reporter-output>
          </reporter-output>
        </test-method> <!-- runScenario -->
        <test-method is-config="true" signature="tearDownClass()[pri:0, instance:com.mindtree.runner.Runner@157853da]" started-at="2021-11-24T11:37:00 IST" name="tearDownClass" finished-at="2021-11-24T11:37:00 IST" duration-ms="26" status="PASS">
          <reporter-output>
          </reporter-output>
        </test-method> <!-- tearDownClass -->
      </class> <!-- com.mindtree.runner.Runner -->
    </test> <!-- Test -->
  </suite> <!-- Suite -->
</testng-results>
