<?xml version="1.0" encoding="UTF-8"?>
<testng-results ignored="0" total="10" passed="10" failed="0" skipped="0">
  <reporter-output>
  </reporter-output>
  <suite started-at="2021-11-23T20:45:55 IST" name="Default suite" finished-at="2021-11-23T20:50:02 IST" duration-ms="247618">
    <groups>
      <group name="cucumber">
        <method signature="AbstractTestNGCucumberTests.runScenario(io.cucumber.testng.PickleWrapper, io.cucumber.testng.FeatureWrapper)[pri:0, instance:com.mindtree.runner.Runner@342c38f8]" name="runScenario" class="io.cucumber.testng.AbstractTestNGCucumberTests"/>
      </group> <!-- cucumber -->
    </groups>
    <test started-at="2021-11-23T20:45:55 IST" name="Default test" finished-at="2021-11-23T20:50:02 IST" duration-ms="247618">
      <class name="com.mindtree.runner.Runner">
        <test-method is-config="true" signature="setUpClass(org.testng.ITestContext)[pri:0, instance:com.mindtree.runner.Runner@342c38f8]" started-at="2021-11-23T20:45:55 IST" name="setUpClass" finished-at="2021-11-23T20:45:55 IST" duration-ms="633" status="PASS">
          <params>
            <param index="0">
              <value>
                <![CDATA[org.testng.TestRunner@7b96de8d]]>
              </value>
            </param>
          </params>
          <reporter-output>
          </reporter-output>
        </test-method> <!-- setUpClass -->
        <test-method signature="runScenario(io.cucumber.testng.PickleWrapper, io.cucumber.testng.FeatureWrapper)[pri:0, instance:com.mindtree.runner.Runner@342c38f8]" started-at="2021-11-23T20:45:55 IST" name="runScenario" description="Runs Cucumber Scenarios" data-provider="scenarios" finished-at="2021-11-23T20:46:22 IST" duration-ms="26593" status="PASS">
          <params>
            <param index="0">
              <value>
                <![CDATA["Add Christmas Gift to Cart"]]>
              </value>
            </param>
            <param index="1">
              <value>
                <![CDATA["Optional[Christmas Gifts Automate]"]]>
              </value>
            </param>
          </params>
          <reporter-output>
          </reporter-output>
        </test-method> <!-- runScenario -->
        <test-method signature="runScenario(io.cucumber.testng.PickleWrapper, io.cucumber.testng.FeatureWrapper)[pri:0, instance:com.mindtree.runner.Runner@342c38f8]" started-at="2021-11-23T20:46:22 IST" name="runScenario" description="Runs Cucumber Scenarios" data-provider="scenarios" finished-at="2021-11-23T20:46:37 IST" duration-ms="15631" status="PASS">
          <params>
            <param index="0">
              <value>
                <![CDATA["Add Corporate Gift to Cart"]]>
              </value>
            </param>
            <param index="1">
              <value>
                <![CDATA["Optional[Corporate Gift Automate]"]]>
              </value>
            </param>
          </params>
          <reporter-output>
          </reporter-output>
        </test-method> <!-- runScenario -->
        <test-method signature="runScenario(io.cucumber.testng.PickleWrapper, io.cucumber.testng.FeatureWrapper)[pri:0, instance:com.mindtree.runner.Runner@342c38f8]" started-at="2021-11-23T20:46:37 IST" name="runScenario" description="Runs Cucumber Scenarios" data-provider="scenarios" finished-at="2021-11-23T20:46:59 IST" duration-ms="21027" status="PASS">
          <params>
            <param index="0">
              <value>
                <![CDATA["Add Diwali Gift to Cart"]]>
              </value>
            </param>
            <param index="1">
              <value>
                <![CDATA["Optional[Diwali Gift Automate]"]]>
              </value>
            </param>
          </params>
          <reporter-output>
          </reporter-output>
        </test-method> <!-- runScenario -->
        <test-method signature="runScenario(io.cucumber.testng.PickleWrapper, io.cucumber.testng.FeatureWrapper)[pri:0, instance:com.mindtree.runner.Runner@342c38f8]" started-at="2021-11-23T20:46:59 IST" name="runScenario" description="Runs Cucumber Scenarios" data-provider="scenarios" finished-at="2021-11-23T20:47:23 IST" duration-ms="24338" status="PASS">
          <params>
            <param index="0">
              <value>
                <![CDATA["Add Gift to Cart"]]>
              </value>
            </param>
            <param index="1">
              <value>
                <![CDATA["Optional[Gift DropDown Automate]"]]>
              </value>
            </param>
          </params>
          <reporter-output>
          </reporter-output>
        </test-method> <!-- runScenario -->
        <test-method signature="runScenario(io.cucumber.testng.PickleWrapper, io.cucumber.testng.FeatureWrapper)[pri:0, instance:com.mindtree.runner.Runner@342c38f8]" started-at="2021-11-23T20:47:23 IST" name="runScenario" description="Runs Cucumber Scenarios" data-provider="scenarios" finished-at="2021-11-23T20:47:49 IST" duration-ms="26312" status="PASS">
          <params>
            <param index="0">
              <value>
                <![CDATA["Add HomeDecor Gift to Cart"]]>
              </value>
            </param>
            <param index="1">
              <value>
                <![CDATA["Optional[HomeDecor Gift Automate]"]]>
              </value>
            </param>
          </params>
          <reporter-output>
          </reporter-output>
        </test-method> <!-- runScenario -->
        <test-method signature="runScenario(io.cucumber.testng.PickleWrapper, io.cucumber.testng.FeatureWrapper)[pri:0, instance:com.mindtree.runner.Runner@342c38f8]" started-at="2021-11-23T20:47:49 IST" name="runScenario" description="Runs Cucumber Scenarios" data-provider="scenarios" finished-at="2021-11-23T20:48:15 IST" duration-ms="25657" status="PASS">
          <params>
            <param index="0">
              <value>
                <![CDATA["Add newyear Gift to Cart"]]>
              </value>
            </param>
            <param index="1">
              <value>
                <![CDATA["Optional[Newyear Gift Automate]"]]>
              </value>
            </param>
          </params>
          <reporter-output>
          </reporter-output>
        </test-method> <!-- runScenario -->
        <test-method signature="runScenario(io.cucumber.testng.PickleWrapper, io.cucumber.testng.FeatureWrapper)[pri:0, instance:com.mindtree.runner.Runner@342c38f8]" started-at="2021-11-23T20:48:15 IST" name="runScenario" description="Runs Cucumber Scenarios" data-provider="scenarios" finished-at="2021-11-23T20:48:44 IST" duration-ms="29618" status="PASS">
          <params>
            <param index="0">
              <value>
                <![CDATA["Add Personalized Gift to Cart"]]>
              </value>
            </param>
            <param index="1">
              <value>
                <![CDATA["Optional[Personalized Gift Automate]"]]>
              </value>
            </param>
          </params>
          <reporter-output>
          </reporter-output>
        </test-method> <!-- runScenario -->
        <test-method signature="runScenario(io.cucumber.testng.PickleWrapper, io.cucumber.testng.FeatureWrapper)[pri:0, instance:com.mindtree.runner.Runner@342c38f8]" started-at="2021-11-23T20:48:44 IST" name="runScenario" description="Runs Cucumber Scenarios" data-provider="scenarios" finished-at="2021-11-23T20:49:11 IST" duration-ms="27007" status="PASS">
          <params>
            <param index="0">
              <value>
                <![CDATA["Add rakhi Gift to Cart"]]>
              </value>
            </param>
            <param index="1">
              <value>
                <![CDATA["Optional[Rakhi Gift Automate]"]]>
              </value>
            </param>
          </params>
          <reporter-output>
          </reporter-output>
        </test-method> <!-- runScenario -->
        <test-method signature="runScenario(io.cucumber.testng.PickleWrapper, io.cucumber.testng.FeatureWrapper)[pri:0, instance:com.mindtree.runner.Runner@342c38f8]" started-at="2021-11-23T20:49:11 IST" name="runScenario" description="Runs Cucumber Scenarios" data-provider="scenarios" finished-at="2021-11-23T20:49:37 IST" duration-ms="25406" status="PASS">
          <params>
            <param index="0">
              <value>
                <![CDATA["Add Secret Santa Gift to Cart"]]>
              </value>
            </param>
            <param index="1">
              <value>
                <![CDATA["Optional[Secret Santa Gift Automate]"]]>
              </value>
            </param>
          </params>
          <reporter-output>
          </reporter-output>
        </test-method> <!-- runScenario -->
        <test-method signature="runScenario(io.cucumber.testng.PickleWrapper, io.cucumber.testng.FeatureWrapper)[pri:0, instance:com.mindtree.runner.Runner@342c38f8]" started-at="2021-11-23T20:49:37 IST" name="runScenario" description="Runs Cucumber Scenarios" data-provider="scenarios" finished-at="2021-11-23T20:50:02 IST" duration-ms="25316" status="PASS">
          <params>
            <param index="0">
              <value>
                <![CDATA["Add What'sNew Gift to Cart"]]>
              </value>
            </param>
            <param index="1">
              <value>
                <![CDATA["Optional[What'sNew Gift Automate]"]]>
              </value>
            </param>
          </params>
          <reporter-output>
          </reporter-output>
        </test-method> <!-- runScenario -->
        <test-method is-config="true" signature="tearDownClass()[pri:0, instance:com.mindtree.runner.Runner@342c38f8]" started-at="2021-11-23T20:50:02 IST" name="tearDownClass" finished-at="2021-11-23T20:50:02 IST" duration-ms="24" status="PASS">
          <reporter-output>
          </reporter-output>
        </test-method> <!-- tearDownClass -->
      </class> <!-- com.mindtree.runner.Runner -->
    </test> <!-- Default test -->
  </suite> <!-- Default suite -->
</testng-results>
