<?xml version="1.0" encoding="UTF-8"?>
<testng-results ignored="0" total="11" passed="10" failed="1" skipped="0">
  <reporter-output>
  </reporter-output>
  <suite started-at="2021-11-21T14:49:04 IST" name="Default suite" finished-at="2021-11-21T14:53:18 IST" duration-ms="254632">
    <groups>
      <group name="cucumber">
        <method signature="AbstractTestNGCucumberTests.runScenario(io.cucumber.testng.PickleWrapper, io.cucumber.testng.FeatureWrapper)[pri:0, instance:com.mindtree.runner.Runner@68e965f5]" name="runScenario" class="io.cucumber.testng.AbstractTestNGCucumberTests"/>
      </group> <!-- cucumber -->
    </groups>
    <test started-at="2021-11-21T14:49:04 IST" name="Default test" finished-at="2021-11-21T14:53:18 IST" duration-ms="254632">
      <class name="com.mindtree.runner.Runner">
        <test-method is-config="true" signature="setUpClass(org.testng.ITestContext)[pri:0, instance:com.mindtree.runner.Runner@68e965f5]" started-at="2021-11-21T14:49:04 IST" name="setUpClass" finished-at="2021-11-21T14:49:05 IST" duration-ms="1128" status="PASS">
          <params>
            <param index="0">
              <value>
                <![CDATA[org.testng.TestRunner@391d1e33]]>
              </value>
            </param>
          </params>
          <reporter-output>
          </reporter-output>
        </test-method> <!-- setUpClass -->
        <test-method signature="runScenario(io.cucumber.testng.PickleWrapper, io.cucumber.testng.FeatureWrapper)[pri:0, instance:com.mindtree.runner.Runner@68e965f5]" started-at="2021-11-21T14:49:05 IST" name="runScenario" description="Runs Cucumber Scenarios" data-provider="scenarios" finished-at="2021-11-21T14:49:35 IST" duration-ms="30215" status="PASS">
          <params>
            <param index="0">
              <value>
                <![CDATA["Add Christmas Gift to Cart"]]>
              </value>
            </param>
            <param index="1">
              <value>
                <![CDATA["Optional[Christmas Gifts Automate]"]]>
              </value>
            </param>
          </params>
          <reporter-output>
          </reporter-output>
        </test-method> <!-- runScenario -->
        <test-method signature="runScenario(io.cucumber.testng.PickleWrapper, io.cucumber.testng.FeatureWrapper)[pri:0, instance:com.mindtree.runner.Runner@68e965f5]" started-at="2021-11-21T14:49:35 IST" name="runScenario" description="Runs Cucumber Scenarios" data-provider="scenarios" finished-at="2021-11-21T14:49:51 IST" duration-ms="16256" status="PASS">
          <params>
            <param index="0">
              <value>
                <![CDATA["Add Corporate Gift to Cart"]]>
              </value>
            </param>
            <param index="1">
              <value>
                <![CDATA["Optional[Corporate Gift Automate]"]]>
              </value>
            </param>
          </params>
          <reporter-output>
          </reporter-output>
        </test-method> <!-- runScenario -->
        <test-method signature="runScenario(io.cucumber.testng.PickleWrapper, io.cucumber.testng.FeatureWrapper)[pri:0, instance:com.mindtree.runner.Runner@68e965f5]" started-at="2021-11-21T14:49:51 IST" name="runScenario" description="Runs Cucumber Scenarios" data-provider="scenarios" finished-at="2021-11-21T14:50:13 IST" duration-ms="21518" status="PASS">
          <params>
            <param index="0">
              <value>
                <![CDATA["Add Diwali Gift to Cart"]]>
              </value>
            </param>
            <param index="1">
              <value>
                <![CDATA["Optional[Diwali Gift Automate]"]]>
              </value>
            </param>
          </params>
          <reporter-output>
          </reporter-output>
        </test-method> <!-- runScenario -->
        <test-method signature="runScenario(io.cucumber.testng.PickleWrapper, io.cucumber.testng.FeatureWrapper)[pri:0, instance:com.mindtree.runner.Runner@68e965f5]" started-at="2021-11-21T14:50:13 IST" name="runScenario" description="Runs Cucumber Scenarios" data-provider="scenarios" finished-at="2021-11-21T14:50:37 IST" duration-ms="24450" status="PASS">
          <params>
            <param index="0">
              <value>
                <![CDATA["Add Gift to Cart"]]>
              </value>
            </param>
            <param index="1">
              <value>
                <![CDATA["Optional[Gift DropDown Automate]"]]>
              </value>
            </param>
          </params>
          <reporter-output>
          </reporter-output>
        </test-method> <!-- runScenario -->
        <test-method signature="runScenario(io.cucumber.testng.PickleWrapper, io.cucumber.testng.FeatureWrapper)[pri:0, instance:com.mindtree.runner.Runner@68e965f5]" started-at="2021-11-21T14:50:37 IST" name="runScenario" description="Runs Cucumber Scenarios" data-provider="scenarios" finished-at="2021-11-21T14:51:03 IST" duration-ms="25664" status="PASS">
          <params>
            <param index="0">
              <value>
                <![CDATA["Add HomeDecor Gift to Cart"]]>
              </value>
            </param>
            <param index="1">
              <value>
                <![CDATA["Optional[HomeDecor Gift Automate]"]]>
              </value>
            </param>
          </params>
          <reporter-output>
          </reporter-output>
        </test-method> <!-- runScenario -->
        <test-method signature="runScenario(io.cucumber.testng.PickleWrapper, io.cucumber.testng.FeatureWrapper)[pri:0, instance:com.mindtree.runner.Runner@68e965f5]" started-at="2021-11-21T14:51:03 IST" name="runScenario" description="Runs Cucumber Scenarios" data-provider="scenarios" finished-at="2021-11-21T14:51:30 IST" duration-ms="26821" status="PASS">
          <params>
            <param index="0">
              <value>
                <![CDATA["Add newyear Gift to Cart"]]>
              </value>
            </param>
            <param index="1">
              <value>
                <![CDATA["Optional[Newyear Gift Automate]"]]>
              </value>
            </param>
          </params>
          <reporter-output>
          </reporter-output>
        </test-method> <!-- runScenario -->
        <test-method signature="runScenario(io.cucumber.testng.PickleWrapper, io.cucumber.testng.FeatureWrapper)[pri:0, instance:com.mindtree.runner.Runner@68e965f5]" started-at="2021-11-21T14:51:30 IST" name="runScenario" description="Runs Cucumber Scenarios" data-provider="scenarios" finished-at="2021-11-21T14:51:30 IST" duration-ms="18" status="FAIL">
          <params>
            <param index="0">
              <value>
                <![CDATA["Add Official Merchandise Gift to Cart"]]>
              </value>
            </param>
            <param index="1">
              <value>
                <![CDATA["Optional[Official Merchandise DropDown Automate]"]]>
              </value>
            </param>
          </params>
          <exception class="io.cucumber.java.PendingException">
            <message>
              <![CDATA[TODO: implement me]]>
            </message>
            <full-stacktrace>
              <![CDATA[io.cucumber.java.PendingException: TODO: implement me
at com.mindtree.StepDefination.OfficialMerchSD.open_big_small_website_for_official_merch(OfficialMerchSD.java:10)
at ✽.Open Big Small Website "https://www.bigsmall.in/" for Official Merch(file:///C:/Users/Misbah/eclipse-workspaceNew/ComprehensiveBDD/features/OfficialMerch.feature:4)
]]>
            </full-stacktrace>
          </exception> <!-- io.cucumber.java.PendingException -->
          <reporter-output>
          </reporter-output>
        </test-method> <!-- runScenario -->
        <test-method signature="runScenario(io.cucumber.testng.PickleWrapper, io.cucumber.testng.FeatureWrapper)[pri:0, instance:com.mindtree.runner.Runner@68e965f5]" started-at="2021-11-21T14:51:30 IST" name="runScenario" description="Runs Cucumber Scenarios" data-provider="scenarios" finished-at="2021-11-21T14:51:59 IST" duration-ms="28943" status="PASS">
          <params>
            <param index="0">
              <value>
                <![CDATA["Add Personalized Gift to Cart"]]>
              </value>
            </param>
            <param index="1">
              <value>
                <![CDATA["Optional[Personalized Gift Automate]"]]>
              </value>
            </param>
          </params>
          <reporter-output>
          </reporter-output>
        </test-method> <!-- runScenario -->
        <test-method signature="runScenario(io.cucumber.testng.PickleWrapper, io.cucumber.testng.FeatureWrapper)[pri:0, instance:com.mindtree.runner.Runner@68e965f5]" started-at="2021-11-21T14:51:59 IST" name="runScenario" description="Runs Cucumber Scenarios" data-provider="scenarios" finished-at="2021-11-21T14:52:25 IST" duration-ms="25952" status="PASS">
          <params>
            <param index="0">
              <value>
                <![CDATA["Add rakhi Gift to Cart"]]>
              </value>
            </param>
            <param index="1">
              <value>
                <![CDATA["Optional[Rakhi Gift Automate]"]]>
              </value>
            </param>
          </params>
          <reporter-output>
          </reporter-output>
        </test-method> <!-- runScenario -->
        <test-method signature="runScenario(io.cucumber.testng.PickleWrapper, io.cucumber.testng.FeatureWrapper)[pri:0, instance:com.mindtree.runner.Runner@68e965f5]" started-at="2021-11-21T14:52:25 IST" name="runScenario" description="Runs Cucumber Scenarios" data-provider="scenarios" finished-at="2021-11-21T14:52:51 IST" duration-ms="26232" status="PASS">
          <params>
            <param index="0">
              <value>
                <![CDATA["Add Secret Santa Gift to Cart"]]>
              </value>
            </param>
            <param index="1">
              <value>
                <![CDATA["Optional[Secret Santa Gift Automate]"]]>
              </value>
            </param>
          </params>
          <reporter-output>
          </reporter-output>
        </test-method> <!-- runScenario -->
        <test-method signature="runScenario(io.cucumber.testng.PickleWrapper, io.cucumber.testng.FeatureWrapper)[pri:0, instance:com.mindtree.runner.Runner@68e965f5]" started-at="2021-11-21T14:52:51 IST" name="runScenario" description="Runs Cucumber Scenarios" data-provider="scenarios" finished-at="2021-11-21T14:53:18 IST" duration-ms="27309" status="PASS">
          <params>
            <param index="0">
              <value>
                <![CDATA["Add What'sNew Gift to Cart"]]>
              </value>
            </param>
            <param index="1">
              <value>
                <![CDATA["Optional[What'sNew Gift Automate]"]]>
              </value>
            </param>
          </params>
          <reporter-output>
          </reporter-output>
        </test-method> <!-- runScenario -->
        <test-method is-config="true" signature="tearDownClass()[pri:0, instance:com.mindtree.runner.Runner@68e965f5]" started-at="2021-11-21T14:53:18 IST" name="tearDownClass" finished-at="2021-11-21T14:53:18 IST" duration-ms="11" status="PASS">
          <reporter-output>
          </reporter-output>
        </test-method> <!-- tearDownClass -->
      </class> <!-- com.mindtree.runner.Runner -->
    </test> <!-- Default test -->
  </suite> <!-- Default suite -->
</testng-results>
