<?xml version="1.0" encoding="UTF-8"?>
<!-- Generated by org.testng.reporters.JUnitReportReporter -->
<testsuite hostname="DESKTOP-MG9B9KT" failures="0" tests="11" name="com.mindtree.runner.Runner" time="253.378" errors="1" timestamp="2021-11-21T14:53:18 IST" skipped="0">
  <testcase classname="com.mindtree.runner.Runner" name="runScenario" time="26.821"/>
  <testcase classname="com.mindtree.runner.Runner" name="runScenario" time="30.215"/>
  <testcase classname="com.mindtree.runner.Runner" name="runScenario" time="26.232"/>
  <testcase classname="com.mindtree.runner.Runner" name="runScenario" time="16.256"/>
  <testcase classname="com.mindtree.runner.Runner" name="runScenario" time="0.018">
    <error message="TODO: implement me" type="io.cucumber.java.PendingException">
      <![CDATA[io.cucumber.java.PendingException: TODO: implement me
at com.mindtree.StepDefination.OfficialMerchSD.open_big_small_website_for_official_merch(OfficialMerchSD.java:10)
at ✽.Open Big Small Website "https://www.bigsmall.in/" for Official Merch(file:///C:/Users/Misbah/eclipse-workspaceNew/ComprehensiveBDD/features/OfficialMerch.feature:4)
]]>
    </error>
  </testcase> <!-- runScenario -->
  <testcase classname="com.mindtree.runner.Runner" name="runScenario" time="27.309"/>
  <testcase classname="com.mindtree.runner.Runner" name="runScenario" time="28.943"/>
  <testcase classname="com.mindtree.runner.Runner" name="runScenario" time="21.518"/>
  <testcase classname="com.mindtree.runner.Runner" name="runScenario" time="24.450"/>
  <testcase classname="com.mindtree.runner.Runner" name="runScenario" time="25.952"/>
  <testcase classname="com.mindtree.runner.Runner" name="runScenario" time="25.664"/>
</testsuite> <!-- com.mindtree.runner.Runner -->
